[0.000000] (-) TimerEvent: {}
[0.000583] (-) JobUnselected: {'identifier': 'challenge1'}
[0.000656] (-) JobUnselected: {'identifier': 'image_processing'}
[0.000694] (-) JobUnselected: {'identifier': 'my_py_pkg'}
[0.000731] (my_cpp_pkg) JobQueued: {'identifier': 'my_cpp_pkg', 'dependencies': OrderedDict()}
[0.001263] (my_cpp_pkg) JobStarted: {'identifier': 'my_cpp_pkg'}
[0.099736] (-) TimerEvent: {}
[0.126747] (my_cpp_pkg) JobProgress: {'identifier': 'my_cpp_pkg', 'progress': 'cmake'}
[0.129399] (my_cpp_pkg) JobProgress: {'identifier': 'my_cpp_pkg', 'progress': 'build'}
[0.130918] (my_cpp_pkg) Command: {'cmd': ['/usr/bin/cmake', '--build', '/home/zerda/ros2_ws/build/my_cpp_pkg', '--', '-j8', '-l8'], 'cwd': '/home/zerda/ros2_ws/build/my_cpp_pkg', 'env': OrderedDict([('GJS_DEBUG_TOPICS', 'JS ERROR;JS LOG'), ('LESSOPEN', '| /usr/bin/lesspipe %s'), ('USER', 'zerda'), ('LC_TIME', 'tr_TR.UTF-8'), ('XDG_SESSION_TYPE', 'x11'), ('SHLVL', '1'), ('LD_LIBRARY_PATH', '/opt/ros/humble/opt/rviz_ogre_vendor/lib:/opt/ros/humble/lib/x86_64-linux-gnu:/opt/ros/humble/lib'), ('HOME', '/home/zerda'), ('OLDPWD', '/home/zerda'), ('DESKTOP_SESSION', 'ubuntu'), ('GIO_LAUNCHED_DESKTOP_FILE', '/usr/share/applications/terminator.desktop'), ('ROS_PYTHON_VERSION', '3'), ('GNOME_SHELL_SESSION_MODE', 'ubuntu'), ('GTK_MODULES', 'gail:atk-bridge'), ('LC_MONETARY', 'tr_TR.UTF-8'), ('MANAGERPID', '1499'), ('SYSTEMD_EXEC_PID', '1881'), ('DBUS_SESSION_BUS_ADDRESS', 'unix:path=/run/user/1000/bus'), ('COLORTERM', 'truecolor'), ('TERMINATOR_DBUS_NAME', 'net.tenshu.Terminator23558193cd9818af7fe4d2c2f5bd9d00f'), ('GIO_LAUNCHED_DESKTOP_FILE_PID', '7582'), ('COLCON_PREFIX_PATH', '/home/zerda/ros2_ws/install'), ('ROS_DISTRO', 'humble'), ('GTK_IM_MODULE', 'ibus'), ('LOGNAME', 'zerda'), ('JOURNAL_STREAM', '8:33963'), ('_', '/usr/bin/colcon'), ('ROS_VERSION', '2'), ('XDG_SESSION_CLASS', 'user'), ('USERNAME', 'zerda'), ('TERM', 'xterm-256color'), ('GNOME_DESKTOP_SESSION_ID', 'this-is-deprecated'), ('ROS_LOCALHOST_ONLY', '0'), ('WINDOWPATH', '2'), ('PATH', '/opt/ros/humble/bin:/home/zerda/.local/bin:/usr/local/sbin:/usr/local/bin:/usr/sbin:/usr/bin:/sbin:/bin:/usr/games:/usr/local/games:/snap/bin:/snap/bin'), ('SESSION_MANAGER', 'local/zerdaGul:@/tmp/.ICE-unix/1858,unix/zerdaGul:/tmp/.ICE-unix/1858'), ('INVOCATION_ID', '2bdea909eff9418aa3d2ce8eae8bd56e'), ('XDG_MENU_PREFIX', 'gnome-'), ('LC_ADDRESS', 'tr_TR.UTF-8'), ('XDG_RUNTIME_DIR', '/run/user/1000'), ('DISPLAY', ':1'), ('TERMINATOR_DBUS_PATH', '/net/tenshu/Terminator2'), ('LANG', 'en_US.UTF-8'), ('XDG_CURRENT_DESKTOP', 'ubuntu:GNOME'), ('IBUS_DISABLE_SNOOPER', '1'), ('LC_TELEPHONE', 'tr_TR.UTF-8'), ('XMODIFIERS', '@im=ibus'), ('XDG_SESSION_DESKTOP', 'ubuntu'), ('XAUTHORITY', '/run/user/1000/gdm/Xauthority'), ('LS_COLORS', 'rs=0:di=01;34:ln=01;36:mh=00:pi=40;33:so=01;35:do=01;35:bd=40;33;01:cd=40;33;01:or=40;31;01:mi=00:su=37;41:sg=30;43:ca=30;41:tw=30;42:ow=34;42:st=37;44:ex=01;32:*.tar=01;31:*.tgz=01;31:*.arc=01;31:*.arj=01;31:*.taz=01;31:*.lha=01;31:*.lz4=01;31:*.lzh=01;31:*.lzma=01;31:*.tlz=01;31:*.txz=01;31:*.tzo=01;31:*.t7z=01;31:*.zip=01;31:*.z=01;31:*.dz=01;31:*.gz=01;31:*.lrz=01;31:*.lz=01;31:*.lzo=01;31:*.xz=01;31:*.zst=01;31:*.tzst=01;31:*.bz2=01;31:*.bz=01;31:*.tbz=01;31:*.tbz2=01;31:*.tz=01;31:*.deb=01;31:*.rpm=01;31:*.jar=01;31:*.war=01;31:*.ear=01;31:*.sar=01;31:*.rar=01;31:*.alz=01;31:*.ace=01;31:*.zoo=01;31:*.cpio=01;31:*.7z=01;31:*.rz=01;31:*.cab=01;31:*.wim=01;31:*.swm=01;31:*.dwm=01;31:*.esd=01;31:*.jpg=01;35:*.jpeg=01;35:*.mjpg=01;35:*.mjpeg=01;35:*.gif=01;35:*.bmp=01;35:*.pbm=01;35:*.pgm=01;35:*.ppm=01;35:*.tga=01;35:*.xbm=01;35:*.xpm=01;35:*.tif=01;35:*.tiff=01;35:*.png=01;35:*.svg=01;35:*.svgz=01;35:*.mng=01;35:*.pcx=01;35:*.mov=01;35:*.mpg=01;35:*.mpeg=01;35:*.m2v=01;35:*.mkv=01;35:*.webm=01;35:*.webp=01;35:*.ogm=01;35:*.mp4=01;35:*.m4v=01;35:*.mp4v=01;35:*.vob=01;35:*.qt=01;35:*.nuv=01;35:*.wmv=01;35:*.asf=01;35:*.rm=01;35:*.rmvb=01;35:*.flc=01;35:*.avi=01;35:*.fli=01;35:*.flv=01;35:*.gl=01;35:*.dl=01;35:*.xcf=01;35:*.xwd=01;35:*.yuv=01;35:*.cgm=01;35:*.emf=01;35:*.ogv=01;35:*.ogx=01;35:*.aac=00;36:*.au=00;36:*.flac=00;36:*.m4a=00;36:*.mid=00;36:*.midi=00;36:*.mka=00;36:*.mp3=00;36:*.mpc=00;36:*.ogg=00;36:*.ra=00;36:*.wav=00;36:*.oga=00;36:*.opus=00;36:*.spx=00;36:*.xspf=00;36:'), ('SSH_AGENT_LAUNCHER', 'gnome-keyring'), ('SSH_AUTH_SOCK', '/run/user/1000/keyring/ssh'), ('AMENT_PREFIX_PATH', '/home/zerda/ros2_ws/install/my_py_pkg:/home/zerda/ros2_ws/install/my_cpp_pkg:/home/zerda/ros2_ws/install/image_processing:/home/zerda/ros2_ws/install/challenge1:/opt/ros/humble'), ('SHELL', '/bin/bash'), ('LC_NAME', 'tr_TR.UTF-8'), ('TERMINATOR_UUID', 'urn:uuid:2375fa3c-4a63-4ec9-925d-9ab974bee590'), ('QT_ACCESSIBILITY', '1'), ('GDMSESSION', 'ubuntu'), ('LESSCLOSE', '/usr/bin/lesspipe %s %s'), ('LC_MEASUREMENT', 'tr_TR.UTF-8'), ('GPG_AGENT_INFO', '/run/user/1000/gnupg/S.gpg-agent:0:1'), ('GJS_DEBUG_OUTPUT', 'stderr'), ('LC_IDENTIFICATION', 'tr_TR.UTF-8'), ('QT_IM_MODULE', 'ibus'), ('PWD', '/home/zerda/ros2_ws/build/my_cpp_pkg'), ('XDG_CONFIG_DIRS', '/etc/xdg/xdg-ubuntu:/etc/xdg'), ('XDG_DATA_DIRS', '/usr/share/ubuntu:/usr/share/gnome:/usr/local/share/:/usr/share/:/var/lib/snapd/desktop'), ('PYTHONPATH', '/home/zerda/ros2_ws/install/my_py_pkg/lib/python3.10/site-packages:/home/zerda/ros2_ws/install/challenge1/lib/python3.10/site-packages:/opt/ros/humble/lib/python3.10/site-packages:/opt/ros/humble/local/lib/python3.10/dist-packages'), ('LC_NUMERIC', 'tr_TR.UTF-8'), ('LC_PAPER', 'tr_TR.UTF-8'), ('COLCON', '1'), ('VTE_VERSION', '6800'), ('CMAKE_PREFIX_PATH', '/home/zerda/ros2_ws/install/my_cpp_pkg:/home/zerda/ros2_ws/install/image_processing')]), 'shell': False}
[0.193488] (my_cpp_pkg) StdoutLine: {'line': b'-- Found ament_cmake: 1.3.6 (/opt/ros/humble/share/ament_cmake/cmake)\n'}
[0.199898] (-) TimerEvent: {}
[0.300346] (-) TimerEvent: {}
[0.400841] (-) TimerEvent: {}
[0.501279] (-) TimerEvent: {}
[0.522324] (my_cpp_pkg) StdoutLine: {'line': b'-- Found rclcpp: 16.0.7 (/opt/ros/humble/share/rclcpp/cmake)\n'}
[0.586786] (my_cpp_pkg) StdoutLine: {'line': b'-- Found rosidl_generator_c: 3.1.5 (/opt/ros/humble/share/rosidl_generator_c/cmake)\n'}
[0.591910] (my_cpp_pkg) StdoutLine: {'line': b'-- Found rosidl_adapter: 3.1.5 (/opt/ros/humble/share/rosidl_adapter/cmake)\n'}
[0.601406] (-) TimerEvent: {}
[0.604535] (my_cpp_pkg) StdoutLine: {'line': b'-- Found rosidl_generator_cpp: 3.1.5 (/opt/ros/humble/share/rosidl_generator_cpp/cmake)\n'}
[0.629027] (my_cpp_pkg) StdoutLine: {'line': b'-- Using all available rosidl_typesupport_c: rosidl_typesupport_fastrtps_c;rosidl_typesupport_introspection_c\n'}
[0.663519] (my_cpp_pkg) StdoutLine: {'line': b'-- Using all available rosidl_typesupport_cpp: rosidl_typesupport_fastrtps_cpp;rosidl_typesupport_introspection_cpp\n'}
[0.701550] (-) TimerEvent: {}
[0.792307] (my_cpp_pkg) StdoutLine: {'line': b'-- Found rmw_implementation_cmake: 6.1.1 (/opt/ros/humble/share/rmw_implementation_cmake/cmake)\n'}
[0.795555] (my_cpp_pkg) StdoutLine: {'line': b'-- Found rmw_fastrtps_cpp: 6.2.5 (/opt/ros/humble/share/rmw_fastrtps_cpp/cmake)\n'}
[0.801696] (-) TimerEvent: {}
[0.902245] (-) TimerEvent: {}
[1.002909] (-) TimerEvent: {}
[1.050537] (my_cpp_pkg) StdoutLine: {'line': b"-- Using RMW implementation 'rmw_fastrtps_cpp' as default\n"}
[1.103057] (-) TimerEvent: {}
[1.203545] (-) TimerEvent: {}
[1.304009] (-) TimerEvent: {}
[1.388860] (my_cpp_pkg) StdoutLine: {'line': b'-- Found sensor_msgs: 4.2.3 (/opt/ros/humble/share/sensor_msgs/cmake)\n'}
[1.404180] (-) TimerEvent: {}
[1.504654] (-) TimerEvent: {}
[1.605142] (-) TimerEvent: {}
[1.663742] (my_cpp_pkg) StdoutLine: {'line': b'-- Found cv_bridge: 3.2.1 (/opt/ros/humble/share/cv_bridge/cmake)\n'}
[1.701386] (my_cpp_pkg) StdoutLine: {'line': b'-- Found image_transport: 3.1.7 (/opt/ros/humble/share/image_transport/cmake)\n'}
[1.705266] (-) TimerEvent: {}
[1.789220] (my_cpp_pkg) StdoutLine: {'line': b'-- Found OpenCV: /usr (found version "4.5.4") \n'}
[1.789704] (my_cpp_pkg) StdoutLine: {'line': b'-- Found ament_lint_auto: 0.12.9 (/opt/ros/humble/share/ament_lint_auto/cmake)\n'}
[1.805436] (-) TimerEvent: {}
[1.905877] (-) TimerEvent: {}
[1.908110] (my_cpp_pkg) StderrLine: {'line': b"Error parsing '/home/zerda/ros2_ws/src/my_cpp_pkg/package.xml':\n"}
[2.006085] (-) TimerEvent: {}
[2.030394] (my_cpp_pkg) StderrLine: {'line': b'Traceback (most recent call last):\n'}
[2.030775] (my_cpp_pkg) StderrLine: {'line': b'  File "/opt/ros/humble/share/ament_cmake_core/cmake/core/package_xml_2_cmake.py", line 150, in <module>\n'}
[2.030996] (my_cpp_pkg) StderrLine: {'line': b'    main()\n'}
[2.031147] (my_cpp_pkg) StderrLine: {'line': b'  File "/opt/ros/humble/share/ament_cmake_core/cmake/core/package_xml_2_cmake.py", line 53, in main\n'}
[2.031287] (my_cpp_pkg) StderrLine: {'line': b'    raise e\n'}
[2.031425] (my_cpp_pkg) StderrLine: {'line': b'  File "/opt/ros/humble/share/ament_cmake_core/cmake/core/package_xml_2_cmake.py", line 49, in main\n'}
[2.031558] (my_cpp_pkg) StderrLine: {'line': b'    package = parse_package_string(\n'}
[2.031690] (my_cpp_pkg) StderrLine: {'line': b'  File "/usr/lib/python3/dist-packages/catkin_pkg/package.py", line 786, in parse_package_string\n'}
[2.031981] (my_cpp_pkg) StderrLine: {'line': b"    raise InvalidPackage('Error(s):%s' % (''.join(['\\n- %s' % e for e in errors])), filename)\n"}
[2.032206] (my_cpp_pkg) StderrLine: {'line': b"catkin_pkg.package.InvalidPackage: Error(s) in package '/home/zerda/ros2_ws/src/my_cpp_pkg/package.xml':\n"}
[2.032386] (my_cpp_pkg) StderrLine: {'line': b'Error(s):\n'}
[2.032555] (my_cpp_pkg) StderrLine: {'line': b"- The generic dependency on 'sensor_msgs' is redundant with: build_depend, build_export_depend, exec_depend\n"}
[2.065311] (my_cpp_pkg) StderrLine: {'line': b'\x1b[31mCMake Error at /opt/ros/humble/share/ament_cmake_core/cmake/core/ament_package_xml.cmake:95 (message):\n'}
[2.065871] (my_cpp_pkg) StderrLine: {'line': b'  execute_process(/usr/bin/python3.10\n'}
[2.066108] (my_cpp_pkg) StderrLine: {'line': b'  /opt/ros/humble/share/ament_cmake_core/cmake/core/package_xml_2_cmake.py\n'}
[2.066315] (my_cpp_pkg) StderrLine: {'line': b'  /home/zerda/ros2_ws/src/my_cpp_pkg/package.xml\n'}
[2.066519] (my_cpp_pkg) StderrLine: {'line': b'  /home/zerda/ros2_ws/build/my_cpp_pkg/ament_cmake_core/package.cmake)\n'}
[2.066735] (my_cpp_pkg) StderrLine: {'line': b'  returned error code 1\n'}
[2.066938] (my_cpp_pkg) StderrLine: {'line': b'Call Stack (most recent call first):\n'}
[2.067144] (my_cpp_pkg) StderrLine: {'line': b'  /opt/ros/humble/share/ament_cmake_core/cmake/core/ament_package_xml.cmake:49 (_ament_package_xml)\n'}
[2.067356] (my_cpp_pkg) StderrLine: {'line': b'  /opt/ros/humble/share/ament_lint_auto/cmake/ament_lint_auto_find_test_dependencies.cmake:31 (ament_package_xml)\n'}
[2.067594] (my_cpp_pkg) StderrLine: {'line': b'  CMakeLists.txt:27 (ament_lint_auto_find_test_dependencies)\n'}
[2.067812] (my_cpp_pkg) StderrLine: {'line': b'\n'}
[2.068034] (my_cpp_pkg) StderrLine: {'line': b'\x1b[0m\n'}
[2.068309] (my_cpp_pkg) StdoutLine: {'line': b'-- Configuring incomplete, errors occurred!\n'}
[2.068556] (my_cpp_pkg) StdoutLine: {'line': b'See also "/home/zerda/ros2_ws/build/my_cpp_pkg/CMakeFiles/CMakeOutput.log".\n'}
[2.080045] (my_cpp_pkg) StderrLine: {'line': b'gmake: *** [Makefile:226: cmake_check_build_system] Error 1\n'}
[2.083730] (my_cpp_pkg) CommandEnded: {'returncode': 2}
[2.084549] (my_cpp_pkg) JobEnded: {'identifier': 'my_cpp_pkg', 'rc': 2}
[2.094671] (-) EventReactorShutdown: {}
