[0.156s] Invoking command in '/home/zerda/ros2_ws/build/my_cpp_pkg': CMAKE_PREFIX_PATH=${CMAKE_PREFIX_PATH}:/home/zerda/ros2_ws/install/my_py_pkg:/home/zerda/ros2_ws/install/challenge1:/opt/ros/humble /usr/bin/cmake --build /home/zerda/ros2_ws/build/my_cpp_pkg -- -j8 -l8
[0.232s] [35m[1mConsolidate compiler generated dependencies of target image_converter_node[0m
[0.269s] [ 50%] [32mBuilding CXX object CMakeFiles/image_converter_node.dir/src/image_converter.cpp.o[0m
[4.900s] In file included from [01m[K/home/zerda/ros2_ws/src/my_cpp_pkg/src/image_converter.cpp:2[m[K:
[4.900s] [01m[K/opt/ros/humble/include/image_transport/image_transport/image_transport.h:32:89:[m[K [01;36m[Knote: [m[Kâ€˜[01m[K#pragma message: Warning: This header is deprecated. Use 'image_transport.hpp' instead[m[Kâ€™
[4.900s]    32 | Warning: This header is deprecated. Use 'image_transport.hpp' instead"[01;36m[K)[m[K
[4.900s]       |                                                                       [01;36m[K^[m[K
[4.900s] 
[5.493s] [01m[K/home/zerda/ros2_ws/src/my_cpp_pkg/src/image_converter.cpp:34:35:[m[K [01;31m[Kerror: [m[Kâ€˜[01m[KImageConstPtr[m[Kâ€™ in namespace â€˜[01m[Ksensor_msgs[m[Kâ€™ does not name a type
[5.494s]    34 |   void imageCb(const sensor_msgs::[01;31m[KImageConstPtr[m[K& msg)
[5.494s]       |                                   [01;31m[K^~~~~~~~~~~~~[m[K
[5.494s] [01m[K/home/zerda/ros2_ws/src/my_cpp_pkg/src/image_converter.cpp:[m[K In constructor â€˜[01m[KImageConverter::ImageConverter()[m[Kâ€™:
[5.494s] [01m[K/home/zerda/ros2_ws/src/my_cpp_pkg/src/image_converter.cpp:19:14:[m[K [01;31m[Kerror: [m[Kno matching function for call to â€˜[01m[Krclcpp::Node::Node()[m[Kâ€™
[5.495s]    19 |     : it_(nh_[01;31m[K)[m[K
[5.495s]       |              [01;31m[K^[m[K
[5.495s] In file included from [01m[K/opt/ros/humble/include/rclcpp/rclcpp/executors/single_threaded_executor.hpp:28[m[K,
[5.495s]                  from [01m[K/opt/ros/humble/include/rclcpp/rclcpp/executors.hpp:22[m[K,
[5.495s]                  from [01m[K/opt/ros/humble/include/rclcpp/rclcpp/rclcpp.hpp:155[m[K,
[5.495s]                  from [01m[K/home/zerda/ros2_ws/src/my_cpp_pkg/src/image_converter.cpp:1[m[K:
[5.495s] [01m[K/opt/ros/humble/include/rclcpp/rclcpp/node.hpp:1294:3:[m[K [01;36m[Knote: [m[Kcandidate: â€˜[01m[Krclcpp::Node::Node(const rclcpp::Node&, const string&)[m[Kâ€™
[5.496s]  1294 |   [01;36m[KNode[m[K(
[5.496s]       |   [01;36m[K^~~~[m[K
[5.496s] [01m[K/opt/ros/humble/include/rclcpp/rclcpp/node.hpp:1294:3:[m[K [01;36m[Knote: [m[K  candidate expects 2 arguments, 0 provided
[5.496s] [01m[K/opt/ros/humble/include/rclcpp/rclcpp/node.hpp:101:12:[m[K [01;36m[Knote: [m[Kcandidate: â€˜[01m[Krclcpp::Node::Node(const string&, const string&, const rclcpp::NodeOptions&)[m[Kâ€™
[5.496s]   101 |   explicit [01;36m[KNode[m[K(
[5.496s]       |            [01;36m[K^~~~[m[K
[5.496s] [01m[K/opt/ros/humble/include/rclcpp/rclcpp/node.hpp:101:12:[m[K [01;36m[Knote: [m[K  candidate expects 3 arguments, 0 provided
[5.496s] [01m[K/opt/ros/humble/include/rclcpp/rclcpp/node.hpp:89:12:[m[K [01;36m[Knote: [m[Kcandidate: â€˜[01m[Krclcpp::Node::Node(const string&, const rclcpp::NodeOptions&)[m[Kâ€™
[5.497s]    89 |   explicit [01;36m[KNode[m[K(
[5.497s]       |            [01;36m[K^~~~[m[K
[5.497s] [01m[K/opt/ros/humble/include/rclcpp/rclcpp/node.hpp:89:12:[m[K [01;36m[Knote: [m[K  candidate expects 2 arguments, 0 provided
[5.497s] [01m[K/home/zerda/ros2_ws/src/my_cpp_pkg/src/image_converter.cpp:19:7:[m[K [01;31m[Kerror: [m[Kno matching function for call to â€˜[01m[Kimage_transport::ImageTransport::ImageTransport(rclcpp::Node&)[m[Kâ€™
[5.497s]    19 |     : [01;31m[Kit_(nh_)[m[K
[5.497s]       |       [01;31m[K^~~~~~~~[m[K
[5.497s] In file included from [01m[K/opt/ros/humble/include/image_transport/image_transport/image_transport.h:34[m[K,
[5.497s]                  from [01m[K/home/zerda/ros2_ws/src/my_cpp_pkg/src/image_converter.cpp:2[m[K:
[5.498s] [01m[K/opt/ros/humble/include/image_transport/image_transport/image_transport.hpp:111:12:[m[K [01;36m[Knote: [m[Kcandidate: â€˜[01m[Kimage_transport::ImageTransport::ImageTransport(rclcpp::Node::SharedPtr)[m[Kâ€™
[5.498s]   111 |   explicit [01;36m[KImageTransport[m[K(rclcpp::Node::SharedPtr node);
[5.498s]       |            [01;36m[K^~~~~~~~~~~~~~[m[K
[5.498s] [01m[K/opt/ros/humble/include/image_transport/image_transport/image_transport.hpp:111:51:[m[K [01;36m[Knote: [m[K  no known conversion for argument 1 from â€˜[01m[Krclcpp::Node[m[Kâ€™ to â€˜[01m[Krclcpp::Node::SharedPtr[m[Kâ€™ {aka â€˜[01m[Kstd::shared_ptr<rclcpp::Node>[m[Kâ€™}
[5.498s]   111 |   explicit ImageTransport([01;36m[Krclcpp::Node::SharedPtr node[m[K);
[5.498s]       |                           [01;36m[K~~~~~~~~~~~~~~~~~~~~~~~~^~~~[m[K
[5.515s] [01m[K/home/zerda/ros2_ws/src/my_cpp_pkg/src/image_converter.cpp:22:31:[m[K [01;31m[Kerror: [m[Kno matching function for call to â€˜[01m[Kimage_transport::ImageTransport::subscribe(const char [18], int, void (ImageConverter::*)(const int&), ImageConverter*)[m[Kâ€™
[5.515s]    22 |     image_sub_ = [01;31m[Kit_.subscribe("/camera/image_raw", 1,[m[K
[5.515s]       |                  [01;31m[K~~~~~~~~~~~~~^~~~~~~~~~~~~~~~~~~~~~~~[m[K
[5.515s]    23 | [01;31m[K      &ImageConverter::imageCb, this)[m[K;
[5.515s]       |       [01;31m[K~~~~~~~~~~~~~~~~~~~~~~~~~~~~~~~[m[K
[5.516s] In file included from [01m[K/opt/ros/humble/include/image_transport/image_transport/image_transport.h:34[m[K,
[5.516s]                  from [01m[K/home/zerda/ros2_ws/src/my_cpp_pkg/src/image_converter.cpp:2[m[K:
[5.516s] [01m[K/opt/ros/humble/include/image_transport/image_transport/image_transport.hpp:188:14:[m[K [01;36m[Knote: [m[Kcandidate: â€˜[01m[Ktemplate<class T> image_transport::Subscriber image_transport::ImageTransport::subscribe(const string&, uint32_t, void (T::*)(const ImageConstPtr&), T*, const image_transport::TransportHints*)[m[Kâ€™
[5.516s]   188 |   Subscriber [01;36m[Ksubscribe[m[K(
[5.516s]       |              [01;36m[K^~~~~~~~~[m[K
[5.516s] [01m[K/opt/ros/humble/include/image_transport/image_transport/image_transport.hpp:188:14:[m[K [01;36m[Knote: [m[K  template argument deduction/substitution failed:
[5.516s] [01m[K/home/zerda/ros2_ws/src/my_cpp_pkg/src/image_converter.cpp:22:31:[m[K [01;36m[Knote: [m[K  mismatched types â€˜[01m[Kconst ImageConstPtr[m[Kâ€™ {aka â€˜[01m[Kconst std::shared_ptr<const sensor_msgs::msg::Image_<std::allocator<void> > >[m[Kâ€™} and â€˜[01m[Kconst int[m[Kâ€™
[5.516s]    22 |     image_sub_ = [01;36m[Kit_.subscribe("/camera/image_raw", 1,[m[K
[5.516s]       |                  [01;36m[K~~~~~~~~~~~~~^~~~~~~~~~~~~~~~~~~~~~~~[m[K
[5.517s]    23 | [01;36m[K      &ImageConverter::imageCb, this)[m[K;
[5.517s]       |       [01;36m[K~~~~~~~~~~~~~~~~~~~~~~~~~~~~~~~[m[K
[5.517s] In file included from [01m[K/opt/ros/humble/include/image_transport/image_transport/image_transport.h:34[m[K,
[5.517s]                  from [01m[K/home/zerda/ros2_ws/src/my_cpp_pkg/src/image_converter.cpp:2[m[K:
[5.517s] [01m[K/opt/ros/humble/include/image_transport/image_transport/image_transport.hpp:202:14:[m[K [01;36m[Knote: [m[Kcandidate: â€˜[01m[Ktemplate<class T> image_transport::Subscriber image_transport::ImageTransport::subscribe(const string&, uint32_t, void (T::*)(const ImageConstPtr&), T*, const image_transport::TransportHints*, rclcpp::SubscriptionOptions)[m[Kâ€™
[5.517s]   202 |   Subscriber [01;36m[Ksubscribe[m[K(
[5.517s]       |              [01;36m[K^~~~~~~~~[m[K
[5.517s] [01m[K/opt/ros/humble/include/image_transport/image_transport/image_transport.hpp:202:14:[m[K [01;36m[Knote: [m[K  template argument deduction/substitution failed:
[5.517s] [01m[K/home/zerda/ros2_ws/src/my_cpp_pkg/src/image_converter.cpp:22:31:[m[K [01;36m[Knote: [m[K  mismatched types â€˜[01m[Kconst ImageConstPtr[m[Kâ€™ {aka â€˜[01m[Kconst std::shared_ptr<const sensor_msgs::msg::Image_<std::allocator<void> > >[m[Kâ€™} and â€˜[01m[Kconst int[m[Kâ€™
[5.518s]    22 |     image_sub_ = [01;36m[Kit_.subscribe("/camera/image_raw", 1,[m[K
[5.518s]       |                  [01;36m[K~~~~~~~~~~~~~^~~~~~~~~~~~~~~~~~~~~~~~[m[K
[5.518s]    23 | [01;36m[K      &ImageConverter::imageCb, this)[m[K;
[5.518s]       |       [01;36m[K~~~~~~~~~~~~~~~~~~~~~~~~~~~~~~~[m[K
[5.518s] In file included from [01m[K/opt/ros/humble/include/image_transport/image_transport/image_transport.h:34[m[K,
[5.518s]                  from [01m[K/home/zerda/ros2_ws/src/my_cpp_pkg/src/image_converter.cpp:2[m[K:
[5.518s] [01m[K/opt/ros/humble/include/image_transport/image_transport/image_transport.hpp:217:14:[m[K [01;36m[Knote: [m[Kcandidate: â€˜[01m[Ktemplate<class T> image_transport::Subscriber image_transport::ImageTransport::subscribe(const string&, uint32_t, void (T::*)(const ImageConstPtr&), const std::shared_ptr<_Tp>&, const image_transport::TransportHints*)[m[Kâ€™
[5.518s]   217 |   Subscriber [01;36m[Ksubscribe[m[K(
[5.518s]       |              [01;36m[K^~~~~~~~~[m[K
[5.519s] [01m[K/opt/ros/humble/include/image_transport/image_transport/image_transport.hpp:217:14:[m[K [01;36m[Knote: [m[K  template argument deduction/substitution failed:
[5.519s] [01m[K/home/zerda/ros2_ws/src/my_cpp_pkg/src/image_converter.cpp:22:31:[m[K [01;36m[Knote: [m[K  mismatched types â€˜[01m[Kconst ImageConstPtr[m[Kâ€™ {aka â€˜[01m[Kconst std::shared_ptr<const sensor_msgs::msg::Image_<std::allocator<void> > >[m[Kâ€™} and â€˜[01m[Kconst int[m[Kâ€™
[5.519s]    22 |     image_sub_ = [01;36m[Kit_.subscribe("/camera/image_raw", 1,[m[K
[5.519s]       |                  [01;36m[K~~~~~~~~~~~~~^~~~~~~~~~~~~~~~~~~~~~~~[m[K
[5.519s]    23 | [01;36m[K      &ImageConverter::imageCb, this)[m[K;
[5.519s]       |       [01;36m[K~~~~~~~~~~~~~~~~~~~~~~~~~~~~~~~[m[K
[5.519s] In file included from [01m[K/opt/ros/humble/include/image_transport/image_transport/image_transport.h:34[m[K,
[5.519s]                  from [01m[K/home/zerda/ros2_ws/src/my_cpp_pkg/src/image_converter.cpp:2[m[K:
[5.519s] [01m[K/opt/ros/humble/include/image_transport/image_transport/image_transport.hpp:232:14:[m[K [01;36m[Knote: [m[Kcandidate: â€˜[01m[Ktemplate<class T> image_transport::Subscriber image_transport::ImageTransport::subscribe(const string&, uint32_t, void (T::*)(const ImageConstPtr&), const std::shared_ptr<_Tp>&, const image_transport::TransportHints*, rclcpp::SubscriptionOptions)[m[Kâ€™
[5.520s]   232 |   Subscriber [01;36m[Ksubscribe[m[K(
[5.520s]       |              [01;36m[K^~~~~~~~~[m[K
[5.520s] [01m[K/opt/ros/humble/include/image_transport/image_transport/image_transport.hpp:232:14:[m[K [01;36m[Knote: [m[K  template argument deduction/substitution failed:
[5.520s] [01m[K/home/zerda/ros2_ws/src/my_cpp_pkg/src/image_converter.cpp:22:31:[m[K [01;36m[Knote: [m[K  mismatched types â€˜[01m[Kconst ImageConstPtr[m[Kâ€™ {aka â€˜[01m[Kconst std::shared_ptr<const sensor_msgs::msg::Image_<std::allocator<void> > >[m[Kâ€™} and â€˜[01m[Kconst int[m[Kâ€™
[5.520s]    22 |     image_sub_ = [01;36m[Kit_.subscribe("/camera/image_raw", 1,[m[K
[5.520s]       |                  [01;36m[K~~~~~~~~~~~~~^~~~~~~~~~~~~~~~~~~~~~~~[m[K
[5.520s]    23 | [01;36m[K      &ImageConverter::imageCb, this)[m[K;
[5.520s]       |       [01;36m[K~~~~~~~~~~~~~~~~~~~~~~~~~~~~~~~[m[K
[5.520s] In file included from [01m[K/opt/ros/humble/include/image_transport/image_transport/image_transport.h:34[m[K,
[5.521s]                  from [01m[K/home/zerda/ros2_ws/src/my_cpp_pkg/src/image_converter.cpp:2[m[K:
[5.521s] [01m[K/opt/ros/humble/include/image_transport/image_transport/image_transport.hpp:136:14:[m[K [01;36m[Knote: [m[Kcandidate: â€˜[01m[Kimage_transport::Subscriber image_transport::ImageTransport::subscribe(const string&, uint32_t, const Callback&, const VoidPtr&, const image_transport::TransportHints*)[m[Kâ€™
[5.521s]   136 |   Subscriber [01;36m[Ksubscribe[m[K(
[5.521s]       |              [01;36m[K^~~~~~~~~[m[K
[5.521s] [01m[K/opt/ros/humble/include/image_transport/image_transport/image_transport.hpp:138:34:[m[K [01;36m[Knote: [m[K  no known conversion for argument 3 from â€˜[01m[Kvoid (ImageConverter::*)(const int&)[m[Kâ€™ to â€˜[01m[Kconst Callback&[m[Kâ€™ {aka â€˜[01m[Kconst std::function<void(const std::shared_ptr<const sensor_msgs::msg::Image_<std::allocator<void> > >&)>&[m[Kâ€™}
[5.521s]   138 |     [01;36m[Kconst Subscriber::Callback & callback[m[K,
[5.521s]       |     [01;36m[K~~~~~~~~~~~~~~~~~~~~~~~~~~~~~^~~~~~~~[m[K
[5.521s] [01m[K/opt/ros/humble/include/image_transport/image_transport/image_transport.hpp:146:14:[m[K [01;36m[Knote: [m[Kcandidate: â€˜[01m[Kimage_transport::Subscriber image_transport::ImageTransport::subscribe(const string&, uint32_t, const Callback&, const VoidPtr&, const image_transport::TransportHints*, rclcpp::SubscriptionOptions)[m[Kâ€™
[5.522s]   146 |   Subscriber [01;36m[Ksubscribe[m[K(
[5.522s]       |              [01;36m[K^~~~~~~~~[m[K
[5.522s] [01m[K/opt/ros/humble/include/image_transport/image_transport/image_transport.hpp:146:14:[m[K [01;36m[Knote: [m[K  candidate expects 6 arguments, 4 provided
[5.522s] [01m[K/opt/ros/humble/include/image_transport/image_transport/image_transport.hpp:157:14:[m[K [01;36m[Knote: [m[Kcandidate: â€˜[01m[Kimage_transport::Subscriber image_transport::ImageTransport::subscribe(const string&, uint32_t, void (*)(const ImageConstPtr&), const image_transport::TransportHints*)[m[Kâ€™
[5.522s]   157 |   Subscriber [01;36m[Ksubscribe[m[K(
[5.522s]       |              [01;36m[K^~~~~~~~~[m[K
[5.522s] [01m[K/opt/ros/humble/include/image_transport/image_transport/image_transport.hpp:159:13:[m[K [01;36m[Knote: [m[K  no known conversion for argument 3 from â€˜[01m[Kvoid (ImageConverter::*)(const int&)[m[Kâ€™ to â€˜[01m[Kvoid (*)(const ImageConstPtr&)[m[Kâ€™ {aka â€˜[01m[Kvoid (*)(const std::shared_ptr<const sensor_msgs::msg::Image_<std::allocator<void> > >&)[m[Kâ€™}
[5.522s]   159 |     [01;36m[Kvoid (* fp)(const ImageConstPtr &)[m[K,
[5.522s]       |     [01;36m[K~~~~~~~~^~~~~~~~~~~~~~~~~~~~~~~~~~[m[K
[5.523s] [01m[K/opt/ros/humble/include/image_transport/image_transport/image_transport.hpp:172:14:[m[K [01;36m[Knote: [m[Kcandidate: â€˜[01m[Kimage_transport::Subscriber image_transport::ImageTransport::subscribe(const string&, uint32_t, void (*)(const ImageConstPtr&), const image_transport::TransportHints*, rclcpp::SubscriptionOptions)[m[Kâ€™
[5.523s]   172 |   Subscriber [01;36m[Ksubscribe[m[K(
[5.523s]       |              [01;36m[K^~~~~~~~~[m[K
[5.523s] [01m[K/opt/ros/humble/include/image_transport/image_transport/image_transport.hpp:172:14:[m[K [01;36m[Knote: [m[K  candidate expects 5 arguments, 4 provided
[5.529s] [01m[K/home/zerda/ros2_ws/src/my_cpp_pkg/src/image_converter.cpp:[m[K In member function â€˜[01m[Kvoid ImageConverter::imageCb(const int&)[m[Kâ€™:
[5.529s] [01m[K/home/zerda/ros2_ws/src/my_cpp_pkg/src/image_converter.cpp:39:35:[m[K [01;31m[Kerror: [m[Kno matching function for call to â€˜[01m[KtoCvCopy(const int&, const char [5])[m[Kâ€™
[5.529s]    39 |       cv_ptr = [01;31m[Kcv_bridge::toCvCopy(msg, sensor_msgs::image_encodings::BGR8)[m[K;
[5.529s]       |                [01;31m[K~~~~~~~~~~~~~~~~~~~^~~~~~~~~~~~~~~~~~~~~~~~~~~~~~~~~~~~~~~~~[m[K
[5.529s] In file included from [01m[K/home/zerda/ros2_ws/src/my_cpp_pkg/src/image_converter.cpp:3[m[K:
[5.530s] [01m[K/opt/ros/humble/include/cv_bridge/cv_bridge/cv_bridge.h:177:29:[m[K [01;36m[Knote: [m[Kcandidate: â€˜[01m[Kcv_bridge::CvImagePtr cv_bridge::toCvCopy(const ConstSharedPtr&, const string&)[m[Kâ€™
[5.530s]   177 | CV_BRIDGE_EXPORT CvImagePtr [01;36m[KtoCvCopy[m[K(
[5.530s]       |                             [01;36m[K^~~~~~~~[m[K
[5.530s] [01m[K/opt/ros/humble/include/cv_bridge/cv_bridge/cv_bridge.h:178:51:[m[K [01;36m[Knote: [m[K  no known conversion for argument 1 from â€˜[01m[Kconst int[m[Kâ€™ to â€˜[01m[Kconst ConstSharedPtr&[m[Kâ€™ {aka â€˜[01m[Kconst std::shared_ptr<const sensor_msgs::msg::Image_<std::allocator<void> > >&[m[Kâ€™}
[5.530s]   178 |   [01;36m[Kconst sensor_msgs::msg::Image::ConstSharedPtr & source[m[K,
[5.530s]       |   [01;36m[K~~~~~~~~~~~~~~~~~~~~~~~~~~~~~~~~~~~~~~~~~~~~~~~~^~~~~~[m[K
[5.531s] [01m[K/opt/ros/humble/include/cv_bridge/cv_bridge/cv_bridge.h:181:29:[m[K [01;36m[Knote: [m[Kcandidate: â€˜[01m[Kcv_bridge::CvImagePtr cv_bridge::toCvCopy(const ConstSharedPtr&, const string&)[m[Kâ€™
[5.531s]   181 | CV_BRIDGE_EXPORT CvImagePtr [01;36m[KtoCvCopy[m[K(
[5.531s]       |                             [01;36m[K^~~~~~~~[m[K
[5.531s] [01m[K/opt/ros/humble/include/cv_bridge/cv_bridge/cv_bridge.h:182:61:[m[K [01;36m[Knote: [m[K  no known conversion for argument 1 from â€˜[01m[Kconst int[m[Kâ€™ to â€˜[01m[Kconst ConstSharedPtr&[m[Kâ€™ {aka â€˜[01m[Kconst std::shared_ptr<const sensor_msgs::msg::CompressedImage_<std::allocator<void> > >&[m[Kâ€™}
[5.531s]   182 |   [01;36m[Kconst sensor_msgs::msg::CompressedImage::ConstSharedPtr & source[m[K,
[5.531s]       |   [01;36m[K~~~~~~~~~~~~~~~~~~~~~~~~~~~~~~~~~~~~~~~~~~~~~~~~~~~~~~~~~~^~~~~~[m[K
[5.531s] [01m[K/opt/ros/humble/include/cv_bridge/cv_bridge/cv_bridge.h:204:29:[m[K [01;36m[Knote: [m[Kcandidate: â€˜[01m[Kcv_bridge::CvImagePtr cv_bridge::toCvCopy(const Image&, const string&)[m[Kâ€™
[5.531s]   204 | CV_BRIDGE_EXPORT CvImagePtr [01;36m[KtoCvCopy[m[K(
[5.531s]       |                             [01;36m[K^~~~~~~~[m[K
[5.532s] [01m[K/opt/ros/humble/include/cv_bridge/cv_bridge/cv_bridge.h:205:35:[m[K [01;36m[Knote: [m[K  no known conversion for argument 1 from â€˜[01m[Kconst int[m[Kâ€™ to â€˜[01m[Kconst Image&[m[Kâ€™ {aka â€˜[01m[Kconst sensor_msgs::msg::Image_<std::allocator<void> >&[m[Kâ€™}
[5.532s]   205 |   [01;36m[Kconst sensor_msgs::msg::Image & source[m[K,
[5.532s]       |   [01;36m[K~~~~~~~~~~~~~~~~~~~~~~~~~~~~~~~~^~~~~~[m[K
[5.532s] [01m[K/opt/ros/humble/include/cv_bridge/cv_bridge/cv_bridge.h:208:29:[m[K [01;36m[Knote: [m[Kcandidate: â€˜[01m[Kcv_bridge::CvImagePtr cv_bridge::toCvCopy(const CompressedImage&, const string&)[m[Kâ€™
[5.532s]   208 | CV_BRIDGE_EXPORT CvImagePtr [01;36m[KtoCvCopy[m[K(
[5.532s]       |                             [01;36m[K^~~~~~~~[m[K
[5.532s] [01m[K/opt/ros/humble/include/cv_bridge/cv_bridge/cv_bridge.h:209:45:[m[K [01;36m[Knote: [m[K  no known conversion for argument 1 from â€˜[01m[Kconst int[m[Kâ€™ to â€˜[01m[Kconst CompressedImage&[m[Kâ€™ {aka â€˜[01m[Kconst sensor_msgs::msg::CompressedImage_<std::allocator<void> >&[m[Kâ€™}
[5.532s]   209 |   [01;36m[Kconst sensor_msgs::msg::CompressedImage & source[m[K,
[5.532s]       |   [01;36m[K~~~~~~~~~~~~~~~~~~~~~~~~~~~~~~~~~~~~~~~~~~^~~~~~[m[K
[5.533s] In file included from [01m[K/opt/ros/humble/include/rclcpp/rclcpp/client.hpp:40[m[K,
[5.533s]                  from [01m[K/opt/ros/humble/include/rclcpp/rclcpp/callback_group.hpp:24[m[K,
[5.533s]                  from [01m[K/opt/ros/humble/include/rclcpp/rclcpp/any_executable.hpp:20[m[K,
[5.533s]                  from [01m[K/opt/ros/humble/include/rclcpp/rclcpp/memory_strategy.hpp:25[m[K,
[5.533s]                  from [01m[K/opt/ros/humble/include/rclcpp/rclcpp/memory_strategies.hpp:18[m[K,
[5.533s]                  from [01m[K/opt/ros/humble/include/rclcpp/rclcpp/executor_options.hpp:20[m[K,
[5.533s]                  from [01m[K/opt/ros/humble/include/rclcpp/rclcpp/executor.hpp:37[m[K,
[5.533s]                  from [01m[K/opt/ros/humble/include/rclcpp/rclcpp/executors/multi_threaded_executor.hpp:25[m[K,
[5.533s]                  from [01m[K/opt/ros/humble/include/rclcpp/rclcpp/executors.hpp:21[m[K,
[5.534s]                  from [01m[K/opt/ros/humble/include/rclcpp/rclcpp/rclcpp.hpp:155[m[K,
[5.534s]                  from [01m[K/home/zerda/ros2_ws/src/my_cpp_pkg/src/image_converter.cpp:1[m[K:
[5.534s] [01m[K/home/zerda/ros2_ws/src/my_cpp_pkg/src/image_converter.cpp:43:7:[m[K [01;31m[Kerror: [m[Kstatic assertion failed: First argument to logging macros must be an rclcpp::Logger
[5.534s]    43 |       [01;31m[KRCLCPP_ERROR[m[K("cv_bridge exception: %s", e.what());
[5.534s]       |       [01;31m[K^~~~~~~~~~~~[m[K
[5.534s] In file included from [01m[K/opt/ros/humble/include/rclcpp/rclcpp/logging.hpp:24[m[K,
[5.534s]                  from [01m[K/opt/ros/humble/include/rclcpp/rclcpp/client.hpp:40[m[K,
[5.534s]                  from [01m[K/opt/ros/humble/include/rclcpp/rclcpp/callback_group.hpp:24[m[K,
[5.535s]                  from [01m[K/opt/ros/humble/include/rclcpp/rclcpp/any_executable.hpp:20[m[K,
[5.535s]                  from [01m[K/opt/ros/humble/include/rclcpp/rclcpp/memory_strategy.hpp:25[m[K,
[5.535s]                  from [01m[K/opt/ros/humble/include/rclcpp/rclcpp/memory_strategies.hpp:18[m[K,
[5.535s]                  from [01m[K/opt/ros/humble/include/rclcpp/rclcpp/executor_options.hpp:20[m[K,
[5.535s]                  from [01m[K/opt/ros/humble/include/rclcpp/rclcpp/executor.hpp:37[m[K,
[5.535s]                  from [01m[K/opt/ros/humble/include/rclcpp/rclcpp/executors/multi_threaded_executor.hpp:25[m[K,
[5.535s]                  from [01m[K/opt/ros/humble/include/rclcpp/rclcpp/executors.hpp:21[m[K,
[5.535s]                  from [01m[K/opt/ros/humble/include/rclcpp/rclcpp/rclcpp.hpp:155[m[K,
[5.535s]                  from [01m[K/home/zerda/ros2_ws/src/my_cpp_pkg/src/image_converter.cpp:1[m[K:
[5.536s] [01m[K/home/zerda/ros2_ws/src/my_cpp_pkg/src/image_converter.cpp:43:7:[m[K [01;31m[Kerror: [m[Krequest for member â€˜[01m[Kget_name[m[Kâ€™ in â€˜[01m[K("cv_bridge exception: %s")[m[Kâ€™, which is of non-class type â€˜[01m[Kconst char [24][m[Kâ€™
[5.536s]    43 |       [01;31m[KRCLCPP_ERROR[m[K("cv_bridge exception: %s", e.what());
[5.536s]       |       [01;31m[K^~~~~~~~~~~~[m[K
[5.536s] [01m[K/home/zerda/ros2_ws/src/my_cpp_pkg/src/image_converter.cpp:43:7:[m[K [01;31m[Kerror: [m[Krequest for member â€˜[01m[Kget_name[m[Kâ€™ in â€˜[01m[K("cv_bridge exception: %s")[m[Kâ€™, which is of non-class type â€˜[01m[Kconst char [24][m[Kâ€™
[5.536s]    43 |       [01;31m[KRCLCPP_ERROR[m[K("cv_bridge exception: %s", e.what());
[5.536s]       |       [01;31m[K^~~~~~~~~~~~[m[K
[5.540s] [01m[K/home/zerda/ros2_ws/src/my_cpp_pkg/src/image_converter.cpp:[m[K In function â€˜[01m[Kint main(int, char**)[m[Kâ€™:
[5.540s] [01m[K/home/zerda/ros2_ws/src/my_cpp_pkg/src/image_converter.cpp:62:28:[m[K [01;31m[Kerror: [m[Kinvalid initialization of reference of type â€˜[01m[Kconst rclcpp::InitOptions&[m[Kâ€™ from expression of type â€˜[01m[Kconst char [16][m[Kâ€™
[5.541s]    62 |   rclcpp::init(argc, argv, [01;31m[K"image_converter"[m[K);
[5.541s]       |                            [01;31m[K^~~~~~~~~~~~~~~~~[m[K
[5.541s] In file included from [01m[K/opt/ros/humble/include/rclcpp/rclcpp/logging.hpp:25[m[K,
[5.541s]                  from [01m[K/opt/ros/humble/include/rclcpp/rclcpp/client.hpp:40[m[K,
[5.541s]                  from [01m[K/opt/ros/humble/include/rclcpp/rclcpp/callback_group.hpp:24[m[K,
[5.541s]                  from [01m[K/opt/ros/humble/include/rclcpp/rclcpp/any_executable.hpp:20[m[K,
[5.541s]                  from [01m[K/opt/ros/humble/include/rclcpp/rclcpp/memory_strategy.hpp:25[m[K,
[5.541s]                  from [01m[K/opt/ros/humble/include/rclcpp/rclcpp/memory_strategies.hpp:18[m[K,
[5.542s]                  from [01m[K/opt/ros/humble/include/rclcpp/rclcpp/executor_options.hpp:20[m[K,
[5.542s]                  from [01m[K/opt/ros/humble/include/rclcpp/rclcpp/executor.hpp:37[m[K,
[5.542s]                  from [01m[K/opt/ros/humble/include/rclcpp/rclcpp/executors/multi_threaded_executor.hpp:25[m[K,
[5.542s]                  from [01m[K/opt/ros/humble/include/rclcpp/rclcpp/executors.hpp:21[m[K,
[5.542s]                  from [01m[K/opt/ros/humble/include/rclcpp/rclcpp/rclcpp.hpp:155[m[K,
[5.542s]                  from [01m[K/home/zerda/ros2_ws/src/my_cpp_pkg/src/image_converter.cpp:1[m[K:
[5.542s] [01m[K/opt/ros/humble/include/rclcpp/rclcpp/utilities.hpp:78:23:[m[K [01;36m[Knote: [m[Kin passing argument 3 of â€˜[01m[Kvoid rclcpp::init(int, const char* const*, const rclcpp::InitOptions&, rclcpp::SignalHandlerOptions)[m[Kâ€™
[5.542s]    78 |   [01;36m[Kconst InitOptions & init_options = InitOptions()[m[K,
[5.542s]       |   [01;36m[K~~~~~~~~~~~~~~~~~~~~^~~~~~~~~~~~~~~~~~~~~~~~~~~~[m[K
[5.543s] [01m[K/home/zerda/ros2_ws/src/my_cpp_pkg/src/image_converter.cpp:64:15:[m[K [01;31m[Kerror: [m[Kno matching function for call to â€˜[01m[Kspin()[m[Kâ€™
[5.543s]    64 |   [01;31m[Krclcpp::spin()[m[K;
[5.543s]       |   [01;31m[K~~~~~~~~~~~~^~[m[K
[5.543s] In file included from [01m[K/opt/ros/humble/include/rclcpp/rclcpp/rclcpp.hpp:155[m[K,
[5.543s]                  from [01m[K/home/zerda/ros2_ws/src/my_cpp_pkg/src/image_converter.cpp:1[m[K:
[5.543s] [01m[K/opt/ros/humble/include/rclcpp/rclcpp/executors.hpp:45:1:[m[K [01;36m[Knote: [m[Kcandidate: â€˜[01m[Kvoid rclcpp::spin(rclcpp::node_interfaces::NodeBaseInterface::SharedPtr)[m[Kâ€™
[5.543s]    45 | [01;36m[Kspin[m[K(rclcpp::node_interfaces::NodeBaseInterface::SharedPtr node_ptr);
[5.543s]       | [01;36m[K^~~~[m[K
[5.543s] [01m[K/opt/ros/humble/include/rclcpp/rclcpp/executors.hpp:45:1:[m[K [01;36m[Knote: [m[K  candidate expects 1 argument, 0 provided
[5.544s] [01m[K/opt/ros/humble/include/rclcpp/rclcpp/executors.hpp:49:1:[m[K [01;36m[Knote: [m[Kcandidate: â€˜[01m[Kvoid rclcpp::spin(rclcpp::Node::SharedPtr)[m[Kâ€™
[5.544s]    49 | [01;36m[Kspin[m[K(rclcpp::Node::SharedPtr node_ptr);
[5.544s]       | [01;36m[K^~~~[m[K
[5.544s] [01m[K/opt/ros/humble/include/rclcpp/rclcpp/executors.hpp:49:1:[m[K [01;36m[Knote: [m[K  candidate expects 1 argument, 0 provided
[6.523s] gmake[2]: *** [CMakeFiles/image_converter_node.dir/build.make:76: CMakeFiles/image_converter_node.dir/src/image_converter.cpp.o] Error 1
[6.524s] gmake[1]: *** [CMakeFiles/Makefile2:137: CMakeFiles/image_converter_node.dir/all] Error 2
[6.524s] gmake: *** [Makefile:146: all] Error 2
[6.529s] Invoked command in '/home/zerda/ros2_ws/build/my_cpp_pkg' returned '2': CMAKE_PREFIX_PATH=${CMAKE_PREFIX_PATH}:/home/zerda/ros2_ws/install/my_py_pkg:/home/zerda/ros2_ws/install/challenge1:/opt/ros/humble /usr/bin/cmake --build /home/zerda/ros2_ws/build/my_cpp_pkg -- -j8 -l8
