[0.134s] Invoking command in '/home/zerda/ros2_ws/build/my_cpp_pkg': /usr/bin/cmake --build /home/zerda/ros2_ws/build/my_cpp_pkg -- -j8 -l8
[0.192s] -- Found ament_cmake: 1.3.6 (/opt/ros/humble/share/ament_cmake/cmake)
[0.521s] -- Found rclcpp: 16.0.7 (/opt/ros/humble/share/rclcpp/cmake)
[0.586s] -- Found rosidl_generator_c: 3.1.5 (/opt/ros/humble/share/rosidl_generator_c/cmake)
[0.591s] -- Found rosidl_adapter: 3.1.5 (/opt/ros/humble/share/rosidl_adapter/cmake)
[0.603s] -- Found rosidl_generator_cpp: 3.1.5 (/opt/ros/humble/share/rosidl_generator_cpp/cmake)
[0.628s] -- Using all available rosidl_typesupport_c: rosidl_typesupport_fastrtps_c;rosidl_typesupport_introspection_c
[0.662s] -- Using all available rosidl_typesupport_cpp: rosidl_typesupport_fastrtps_cpp;rosidl_typesupport_introspection_cpp
[0.791s] -- Found rmw_implementation_cmake: 6.1.1 (/opt/ros/humble/share/rmw_implementation_cmake/cmake)
[0.794s] -- Found rmw_fastrtps_cpp: 6.2.5 (/opt/ros/humble/share/rmw_fastrtps_cpp/cmake)
[1.049s] -- Using RMW implementation 'rmw_fastrtps_cpp' as default
[1.388s] -- Found sensor_msgs: 4.2.3 (/opt/ros/humble/share/sensor_msgs/cmake)
[1.663s] -- Found cv_bridge: 3.2.1 (/opt/ros/humble/share/cv_bridge/cmake)
[1.700s] -- Found image_transport: 3.1.7 (/opt/ros/humble/share/image_transport/cmake)
[1.788s] -- Found OpenCV: /usr (found version "4.5.4") 
[1.788s] -- Found ament_lint_auto: 0.12.9 (/opt/ros/humble/share/ament_lint_auto/cmake)
[1.907s] Error parsing '/home/zerda/ros2_ws/src/my_cpp_pkg/package.xml':
[2.029s] Traceback (most recent call last):
[2.030s]   File "/opt/ros/humble/share/ament_cmake_core/cmake/core/package_xml_2_cmake.py", line 150, in <module>
[2.030s]     main()
[2.030s]   File "/opt/ros/humble/share/ament_cmake_core/cmake/core/package_xml_2_cmake.py", line 53, in main
[2.030s]     raise e
[2.030s]   File "/opt/ros/humble/share/ament_cmake_core/cmake/core/package_xml_2_cmake.py", line 49, in main
[2.030s]     package = parse_package_string(
[2.030s]   File "/usr/lib/python3/dist-packages/catkin_pkg/package.py", line 786, in parse_package_string
[2.031s]     raise InvalidPackage('Error(s):%s' % (''.join(['\n- %s' % e for e in errors])), filename)
[2.031s] catkin_pkg.package.InvalidPackage: Error(s) in package '/home/zerda/ros2_ws/src/my_cpp_pkg/package.xml':
[2.031s] Error(s):
[2.031s] - The generic dependency on 'sensor_msgs' is redundant with: build_depend, build_export_depend, exec_depend
[2.064s] [31mCMake Error at /opt/ros/humble/share/ament_cmake_core/cmake/core/ament_package_xml.cmake:95 (message):
[2.065s]   execute_process(/usr/bin/python3.10
[2.065s]   /opt/ros/humble/share/ament_cmake_core/cmake/core/package_xml_2_cmake.py
[2.065s]   /home/zerda/ros2_ws/src/my_cpp_pkg/package.xml
[2.065s]   /home/zerda/ros2_ws/build/my_cpp_pkg/ament_cmake_core/package.cmake)
[2.065s]   returned error code 1
[2.066s] Call Stack (most recent call first):
[2.066s]   /opt/ros/humble/share/ament_cmake_core/cmake/core/ament_package_xml.cmake:49 (_ament_package_xml)
[2.066s]   /opt/ros/humble/share/ament_lint_auto/cmake/ament_lint_auto_find_test_dependencies.cmake:31 (ament_package_xml)
[2.066s]   CMakeLists.txt:27 (ament_lint_auto_find_test_dependencies)
[2.067s] 
[2.067s] [0m
[2.067s] -- Configuring incomplete, errors occurred!
[2.067s] See also "/home/zerda/ros2_ws/build/my_cpp_pkg/CMakeFiles/CMakeOutput.log".
[2.079s] gmake: *** [Makefile:226: cmake_check_build_system] Error 1
[2.083s] Invoked command in '/home/zerda/ros2_ws/build/my_cpp_pkg' returned '2': /usr/bin/cmake --build /home/zerda/ros2_ws/build/my_cpp_pkg -- -j8 -l8
