[0.393s] Invoking command in '/home/zerda/ros2_ws/build/image_processing': CMAKE_PREFIX_PATH=/opt/ros/humble /usr/bin/cmake /home/zerda/ros2_ws/src/image_processing -DCMAKE_INSTALL_PREFIX=/home/zerda/ros2_ws/install/image_processing
[0.443s] -- The C compiler identification is GNU 11.4.0
[0.494s] -- The CXX compiler identification is GNU 11.4.0
[0.501s] -- Detecting C compiler ABI info
[0.565s] -- Detecting C compiler ABI info - done
[0.573s] -- Check for working C compiler: /usr/bin/cc - skipped
[0.573s] -- Detecting C compile features
[0.574s] -- Detecting C compile features - done
[0.577s] -- Detecting CXX compiler ABI info
[0.667s] -- Detecting CXX compiler ABI info - done
[0.675s] -- Check for working CXX compiler: /usr/bin/c++ - skipped
[0.675s] -- Detecting CXX compile features
[0.675s] -- Detecting CXX compile features - done
[0.678s] -- Found ament_cmake: 1.3.6 (/opt/ros/humble/share/ament_cmake/cmake)
[0.889s] -- Found Python3: /usr/bin/python3.10 (found version "3.10.12") found components: Interpreter 
[0.996s] -- Found sensor_msgs: 4.2.3 (/opt/ros/humble/share/sensor_msgs/cmake)
[1.037s] -- Found rosidl_generator_c: 3.1.5 (/opt/ros/humble/share/rosidl_generator_c/cmake)
[1.042s] -- Found rosidl_adapter: 3.1.5 (/opt/ros/humble/share/rosidl_adapter/cmake)
[1.052s] -- Found rosidl_generator_cpp: 3.1.5 (/opt/ros/humble/share/rosidl_generator_cpp/cmake)
[1.067s] -- Using all available rosidl_typesupport_c: rosidl_typesupport_fastrtps_c;rosidl_typesupport_introspection_c
[1.089s] -- Using all available rosidl_typesupport_cpp: rosidl_typesupport_fastrtps_cpp;rosidl_typesupport_introspection_cpp
[1.346s] -- Found cv_bridge: 3.2.1 (/opt/ros/humble/share/cv_bridge/cmake)
[1.363s] -- Found rclcpp: 16.0.7 (/opt/ros/humble/share/rclcpp/cmake)
[1.426s] -- Found rmw_implementation_cmake: 6.1.1 (/opt/ros/humble/share/rmw_implementation_cmake/cmake)
[1.429s] -- Found rmw_fastrtps_cpp: 6.2.5 (/opt/ros/humble/share/rmw_fastrtps_cpp/cmake)
[1.548s] -- Found OpenSSL: /usr/lib/x86_64-linux-gnu/libcrypto.so (found version "3.0.2")  
[1.574s] -- Found FastRTPS: /opt/ros/humble/include  
[1.622s] -- Using RMW implementation 'rmw_fastrtps_cpp' as default
[1.636s] -- Looking for pthread.h
[1.711s] -- Looking for pthread.h - found
[1.712s] -- Performing Test CMAKE_HAVE_LIBC_PTHREAD
[1.797s] -- Performing Test CMAKE_HAVE_LIBC_PTHREAD - Success
[1.798s] -- Found Threads: TRUE  
[1.918s] -- Found image_common: 3.1.7 (/opt/ros/humble/share/image_common/cmake)
[1.924s] -- Found OpenCV: /usr (found version "4.5.4") 
[1.925s] -- Found image_transport: 3.1.7 (/opt/ros/humble/share/image_transport/cmake)
[1.970s] -- Found ament_lint_auto: 0.12.9 (/opt/ros/humble/share/ament_lint_auto/cmake)
[2.037s] -- Added test 'cppcheck' to perform static code analysis on C / C++ code
[2.037s] -- Configured cppcheck include dirs: /home/zerda/ros2_ws/src/image_processing/include
[2.037s] -- Configured cppcheck exclude dirs and/or files: 
[2.038s] -- Added test 'lint_cmake' to check CMake code style
[2.038s] -- Added test 'uncrustify' to check C / C++ code style
[2.038s] -- Configured uncrustify additional arguments: 
[2.039s] -- Added test 'xmllint' to check XML markup files
[2.039s] -- Configuring done
[2.049s] -- Generating done
[2.050s] -- Build files have been written to: /home/zerda/ros2_ws/build/image_processing
[2.060s] Invoked command in '/home/zerda/ros2_ws/build/image_processing' returned '0': CMAKE_PREFIX_PATH=/opt/ros/humble /usr/bin/cmake /home/zerda/ros2_ws/src/image_processing -DCMAKE_INSTALL_PREFIX=/home/zerda/ros2_ws/install/image_processing
[2.061s] Invoking command in '/home/zerda/ros2_ws/build/image_processing': CMAKE_PREFIX_PATH=/opt/ros/humble /usr/bin/cmake --build /home/zerda/ros2_ws/build/image_processing -- -j8 -l8
[2.105s] [ 50%] [32mBuilding CXX object CMakeFiles/my_image_converter_node.dir/src/image_converter_node.cpp.o[0m
[4.669s] [01m[K/home/zerda/ros2_ws/src/image_processing/src/image_converter_node.cpp:[m[K In constructor â€˜[01m[KImageConverter::ImageConverter()[m[Kâ€™:
[4.669s] [01m[K/home/zerda/ros2_ws/src/image_processing/src/image_converter_node.cpp:17:44:[m[K [01;31m[Kerror: [m[Kno matching function for call to â€˜[01m[Kimage_transport::ImageTransport::ImageTransport(ImageConverter*)[m[Kâ€™
[4.669s]    17 |     image_transport::ImageTransport it(this[01;31m[K)[m[K;
[4.669s]       |                                            [01;31m[K^[m[K
[4.669s] In file included from [01m[K/home/zerda/ros2_ws/src/image_processing/src/image_converter_node.cpp:2[m[K:
[4.670s] [01m[K/opt/ros/humble/include/image_transport/image_transport/image_transport.hpp:111:12:[m[K [01;36m[Knote: [m[Kcandidate: â€˜[01m[Kimage_transport::ImageTransport::ImageTransport(rclcpp::Node::SharedPtr)[m[Kâ€™
[4.670s]   111 |   explicit [01;36m[KImageTransport[m[K(rclcpp::Node::SharedPtr node);
[4.670s]       |            [01;36m[K^~~~~~~~~~~~~~[m[K
[4.670s] [01m[K/opt/ros/humble/include/image_transport/image_transport/image_transport.hpp:111:51:[m[K [01;36m[Knote: [m[K  no known conversion for argument 1 from â€˜[01m[KImageConverter*[m[Kâ€™ to â€˜[01m[Krclcpp::Node::SharedPtr[m[Kâ€™ {aka â€˜[01m[Kstd::shared_ptr<rclcpp::Node>[m[Kâ€™}
[4.670s]   111 |   explicit ImageTransport([01;36m[Krclcpp::Node::SharedPtr node[m[K);
[4.670s]       |                           [01;36m[K~~~~~~~~~~~~~~~~~~~~~~~~^~~~[m[K
[5.132s] gmake[2]: *** [CMakeFiles/my_image_converter_node.dir/build.make:76: CMakeFiles/my_image_converter_node.dir/src/image_converter_node.cpp.o] Error 1
[5.133s] gmake[1]: *** [CMakeFiles/Makefile2:137: CMakeFiles/my_image_converter_node.dir/all] Error 2
[5.133s] gmake: *** [Makefile:146: all] Error 2
[5.135s] Invoked command in '/home/zerda/ros2_ws/build/image_processing' returned '2': CMAKE_PREFIX_PATH=/opt/ros/humble /usr/bin/cmake --build /home/zerda/ros2_ws/build/image_processing -- -j8 -l8
