[0.000000] (-) TimerEvent: {}
[0.000880] (-) JobUnselected: {'identifier': 'challenge1'}
[0.001130] (-) JobUnselected: {'identifier': 'image_processing'}
[0.001201] (-) JobUnselected: {'identifier': 'my_py_pkg'}
[0.001272] (my_cpp_pkg) JobQueued: {'identifier': 'my_cpp_pkg', 'dependencies': OrderedDict()}
[0.001384] (my_cpp_pkg) JobStarted: {'identifier': 'my_cpp_pkg'}
[0.099277] (-) TimerEvent: {}
[0.156504] (my_cpp_pkg) JobProgress: {'identifier': 'my_cpp_pkg', 'progress': 'cmake'}
[0.157750] (my_cpp_pkg) JobProgress: {'identifier': 'my_cpp_pkg', 'progress': 'build'}
[0.159455] (my_cpp_pkg) Command: {'cmd': ['/usr/bin/cmake', '--build', '/home/zerda/ros2_ws/build/my_cpp_pkg', '--', '-j8', '-l8'], 'cwd': '/home/zerda/ros2_ws/build/my_cpp_pkg', 'env': OrderedDict([('GJS_DEBUG_TOPICS', 'JS ERROR;JS LOG'), ('LESSOPEN', '| /usr/bin/lesspipe %s'), ('USER', 'zerda'), ('LC_TIME', 'tr_TR.UTF-8'), ('XDG_SESSION_TYPE', 'x11'), ('SHLVL', '1'), ('LD_LIBRARY_PATH', '/opt/ros/humble/opt/rviz_ogre_vendor/lib:/opt/ros/humble/lib/x86_64-linux-gnu:/opt/ros/humble/lib'), ('HOME', '/home/zerda'), ('OLDPWD', '/home/zerda'), ('DESKTOP_SESSION', 'ubuntu'), ('GIO_LAUNCHED_DESKTOP_FILE', '/usr/share/applications/terminator.desktop'), ('ROS_PYTHON_VERSION', '3'), ('GNOME_SHELL_SESSION_MODE', 'ubuntu'), ('GTK_MODULES', 'gail:atk-bridge'), ('LC_MONETARY', 'tr_TR.UTF-8'), ('MANAGERPID', '1515'), ('SYSTEMD_EXEC_PID', '1902'), ('DBUS_SESSION_BUS_ADDRESS', 'unix:path=/run/user/1000/bus'), ('COLORTERM', 'truecolor'), ('TERMINATOR_DBUS_NAME', 'net.tenshu.Terminator23558193cd9818af7fe4d2c2f5bd9d00f'), ('GIO_LAUNCHED_DESKTOP_FILE_PID', '5301'), ('COLCON_PREFIX_PATH', '/home/zerda/ros2_ws/install'), ('ROS_DISTRO', 'humble'), ('GTK_IM_MODULE', 'ibus'), ('LOGNAME', 'zerda'), ('JOURNAL_STREAM', '8:29382'), ('_', '/usr/bin/colcon'), ('ROS_VERSION', '2'), ('XDG_SESSION_CLASS', 'user'), ('USERNAME', 'zerda'), ('TERM', 'xterm-256color'), ('GNOME_DESKTOP_SESSION_ID', 'this-is-deprecated'), ('ROS_LOCALHOST_ONLY', '0'), ('WINDOWPATH', '2'), ('PATH', '/opt/ros/humble/bin:/home/zerda/.local/bin:/usr/local/sbin:/usr/local/bin:/usr/sbin:/usr/bin:/sbin:/bin:/usr/games:/usr/local/games:/snap/bin:/snap/bin'), ('SESSION_MANAGER', 'local/zerdaGul:@/tmp/.ICE-unix/1879,unix/zerdaGul:/tmp/.ICE-unix/1879'), ('INVOCATION_ID', '81aec59721d6450e86acfc497eadc2ac'), ('XDG_MENU_PREFIX', 'gnome-'), ('LC_ADDRESS', 'tr_TR.UTF-8'), ('XDG_RUNTIME_DIR', '/run/user/1000'), ('DISPLAY', ':1'), ('TERMINATOR_DBUS_PATH', '/net/tenshu/Terminator2'), ('LANG', 'en_US.UTF-8'), ('XDG_CURRENT_DESKTOP', 'ubuntu:GNOME'), ('IBUS_DISABLE_SNOOPER', '1'), ('LC_TELEPHONE', 'tr_TR.UTF-8'), ('XMODIFIERS', '@im=ibus'), ('XDG_SESSION_DESKTOP', 'ubuntu'), ('XAUTHORITY', '/run/user/1000/gdm/Xauthority'), ('LS_COLORS', 'rs=0:di=01;34:ln=01;36:mh=00:pi=40;33:so=01;35:do=01;35:bd=40;33;01:cd=40;33;01:or=40;31;01:mi=00:su=37;41:sg=30;43:ca=30;41:tw=30;42:ow=34;42:st=37;44:ex=01;32:*.tar=01;31:*.tgz=01;31:*.arc=01;31:*.arj=01;31:*.taz=01;31:*.lha=01;31:*.lz4=01;31:*.lzh=01;31:*.lzma=01;31:*.tlz=01;31:*.txz=01;31:*.tzo=01;31:*.t7z=01;31:*.zip=01;31:*.z=01;31:*.dz=01;31:*.gz=01;31:*.lrz=01;31:*.lz=01;31:*.lzo=01;31:*.xz=01;31:*.zst=01;31:*.tzst=01;31:*.bz2=01;31:*.bz=01;31:*.tbz=01;31:*.tbz2=01;31:*.tz=01;31:*.deb=01;31:*.rpm=01;31:*.jar=01;31:*.war=01;31:*.ear=01;31:*.sar=01;31:*.rar=01;31:*.alz=01;31:*.ace=01;31:*.zoo=01;31:*.cpio=01;31:*.7z=01;31:*.rz=01;31:*.cab=01;31:*.wim=01;31:*.swm=01;31:*.dwm=01;31:*.esd=01;31:*.jpg=01;35:*.jpeg=01;35:*.mjpg=01;35:*.mjpeg=01;35:*.gif=01;35:*.bmp=01;35:*.pbm=01;35:*.pgm=01;35:*.ppm=01;35:*.tga=01;35:*.xbm=01;35:*.xpm=01;35:*.tif=01;35:*.tiff=01;35:*.png=01;35:*.svg=01;35:*.svgz=01;35:*.mng=01;35:*.pcx=01;35:*.mov=01;35:*.mpg=01;35:*.mpeg=01;35:*.m2v=01;35:*.mkv=01;35:*.webm=01;35:*.webp=01;35:*.ogm=01;35:*.mp4=01;35:*.m4v=01;35:*.mp4v=01;35:*.vob=01;35:*.qt=01;35:*.nuv=01;35:*.wmv=01;35:*.asf=01;35:*.rm=01;35:*.rmvb=01;35:*.flc=01;35:*.avi=01;35:*.fli=01;35:*.flv=01;35:*.gl=01;35:*.dl=01;35:*.xcf=01;35:*.xwd=01;35:*.yuv=01;35:*.cgm=01;35:*.emf=01;35:*.ogv=01;35:*.ogx=01;35:*.aac=00;36:*.au=00;36:*.flac=00;36:*.m4a=00;36:*.mid=00;36:*.midi=00;36:*.mka=00;36:*.mp3=00;36:*.mpc=00;36:*.ogg=00;36:*.ra=00;36:*.wav=00;36:*.oga=00;36:*.opus=00;36:*.spx=00;36:*.xspf=00;36:'), ('SSH_AGENT_LAUNCHER', 'gnome-keyring'), ('SSH_AUTH_SOCK', '/run/user/1000/keyring/ssh'), ('AMENT_PREFIX_PATH', '/home/zerda/ros2_ws/install/my_py_pkg:/home/zerda/ros2_ws/install/my_cpp_pkg:/home/zerda/ros2_ws/install/image_processing:/home/zerda/ros2_ws/install/challenge1:/opt/ros/humble'), ('SHELL', '/bin/bash'), ('LC_NAME', 'tr_TR.UTF-8'), ('TERMINATOR_UUID', 'urn:uuid:f9d708c4-b2d1-44e0-8af2-07d8a810e1ef'), ('QT_ACCESSIBILITY', '1'), ('GDMSESSION', 'ubuntu'), ('LESSCLOSE', '/usr/bin/lesspipe %s %s'), ('LC_MEASUREMENT', 'tr_TR.UTF-8'), ('GPG_AGENT_INFO', '/run/user/1000/gnupg/S.gpg-agent:0:1'), ('GJS_DEBUG_OUTPUT', 'stderr'), ('LC_IDENTIFICATION', 'tr_TR.UTF-8'), ('QT_IM_MODULE', 'ibus'), ('PWD', '/home/zerda/ros2_ws/build/my_cpp_pkg'), ('XDG_CONFIG_DIRS', '/etc/xdg/xdg-ubuntu:/etc/xdg'), ('XDG_DATA_DIRS', '/usr/share/ubuntu:/usr/share/gnome:/usr/local/share/:/usr/share/:/var/lib/snapd/desktop'), ('PYTHONPATH', '/home/zerda/ros2_ws/install/my_py_pkg/lib/python3.10/site-packages:/home/zerda/ros2_ws/install/challenge1/lib/python3.10/site-packages:/opt/ros/humble/lib/python3.10/site-packages:/opt/ros/humble/local/lib/python3.10/dist-packages'), ('LC_NUMERIC', 'tr_TR.UTF-8'), ('LC_PAPER', 'tr_TR.UTF-8'), ('COLCON', '1'), ('VTE_VERSION', '6800'), ('CMAKE_PREFIX_PATH', '/home/zerda/ros2_ws/install/my_cpp_pkg:/home/zerda/ros2_ws/install/image_processing')]), 'shell': False}
[0.199474] (-) TimerEvent: {}
[0.222909] (my_cpp_pkg) StdoutLine: {'line': b'-- Found ament_cmake: 1.3.6 (/opt/ros/humble/share/ament_cmake/cmake)\n'}
[0.299610] (-) TimerEvent: {}
[0.400142] (-) TimerEvent: {}
[0.500615] (-) TimerEvent: {}
[0.579287] (my_cpp_pkg) StdoutLine: {'line': b'-- Found rclcpp: 16.0.7 (/opt/ros/humble/share/rclcpp/cmake)\n'}
[0.600773] (-) TimerEvent: {}
[0.650525] (my_cpp_pkg) StdoutLine: {'line': b'-- Found rosidl_generator_c: 3.1.5 (/opt/ros/humble/share/rosidl_generator_c/cmake)\n'}
[0.657023] (my_cpp_pkg) StdoutLine: {'line': b'-- Found rosidl_adapter: 3.1.5 (/opt/ros/humble/share/rosidl_adapter/cmake)\n'}
[0.671278] (my_cpp_pkg) StdoutLine: {'line': b'-- Found rosidl_generator_cpp: 3.1.5 (/opt/ros/humble/share/rosidl_generator_cpp/cmake)\n'}
[0.700252] (my_cpp_pkg) StdoutLine: {'line': b'-- Using all available rosidl_typesupport_c: rosidl_typesupport_fastrtps_c;rosidl_typesupport_introspection_c\n'}
[0.700839] (-) TimerEvent: {}
[0.738057] (my_cpp_pkg) StdoutLine: {'line': b'-- Using all available rosidl_typesupport_cpp: rosidl_typesupport_fastrtps_cpp;rosidl_typesupport_introspection_cpp\n'}
[0.801016] (-) TimerEvent: {}
[0.879709] (my_cpp_pkg) StdoutLine: {'line': b'-- Found rmw_implementation_cmake: 6.1.1 (/opt/ros/humble/share/rmw_implementation_cmake/cmake)\n'}
[0.883169] (my_cpp_pkg) StdoutLine: {'line': b'-- Found rmw_fastrtps_cpp: 6.2.5 (/opt/ros/humble/share/rmw_fastrtps_cpp/cmake)\n'}
[0.901183] (-) TimerEvent: {}
[1.001669] (-) TimerEvent: {}
[1.102130] (-) TimerEvent: {}
[1.156416] (my_cpp_pkg) StdoutLine: {'line': b"-- Using RMW implementation 'rmw_fastrtps_cpp' as default\n"}
[1.202323] (-) TimerEvent: {}
[1.302786] (-) TimerEvent: {}
[1.403220] (-) TimerEvent: {}
[1.503677] (-) TimerEvent: {}
[1.523285] (my_cpp_pkg) StdoutLine: {'line': b'-- Found sensor_msgs: 4.2.3 (/opt/ros/humble/share/sensor_msgs/cmake)\n'}
[1.603832] (-) TimerEvent: {}
[1.704300] (-) TimerEvent: {}
[1.799180] (my_cpp_pkg) StdoutLine: {'line': b'-- Found cv_bridge: 3.2.1 (/opt/ros/humble/share/cv_bridge/cmake)\n'}
[1.804457] (-) TimerEvent: {}
[1.832477] (my_cpp_pkg) StdoutLine: {'line': b'-- Found image_transport: 3.1.7 (/opt/ros/humble/share/image_transport/cmake)\n'}
[1.904620] (-) TimerEvent: {}
[1.921923] (my_cpp_pkg) StdoutLine: {'line': b'-- Found ament_lint_auto: 0.12.9 (/opt/ros/humble/share/ament_lint_auto/cmake)\n'}
[2.004811] (-) TimerEvent: {}
[2.055766] (my_cpp_pkg) StderrLine: {'line': b"Error parsing '/home/zerda/ros2_ws/src/my_cpp_pkg/package.xml':\n"}
[2.104990] (-) TimerEvent: {}
[2.163532] (my_cpp_pkg) StderrLine: {'line': b'Traceback (most recent call last):\n'}
[2.163918] (my_cpp_pkg) StderrLine: {'line': b'  File "/opt/ros/humble/share/ament_cmake_core/cmake/core/package_xml_2_cmake.py", line 150, in <module>\n'}
[2.164065] (my_cpp_pkg) StderrLine: {'line': b'    main()\n'}
[2.164190] (my_cpp_pkg) StderrLine: {'line': b'  File "/opt/ros/humble/share/ament_cmake_core/cmake/core/package_xml_2_cmake.py", line 53, in main\n'}
[2.164313] (my_cpp_pkg) StderrLine: {'line': b'    raise e\n'}
[2.164435] (my_cpp_pkg) StderrLine: {'line': b'  File "/opt/ros/humble/share/ament_cmake_core/cmake/core/package_xml_2_cmake.py", line 49, in main\n'}
[2.164554] (my_cpp_pkg) StderrLine: {'line': b'    package = parse_package_string(\n'}
[2.164673] (my_cpp_pkg) StderrLine: {'line': b'  File "/usr/lib/python3/dist-packages/catkin_pkg/package.py", line 786, in parse_package_string\n'}
[2.171741] (my_cpp_pkg) StderrLine: {'line': b"    raise InvalidPackage('Error(s):%s' % (''.join(['\\n- %s' % e for e in errors])), filename)\n"}
[2.172049] (my_cpp_pkg) StderrLine: {'line': b"catkin_pkg.package.InvalidPackage: Error(s) in package '/home/zerda/ros2_ws/src/my_cpp_pkg/package.xml':\n"}
[2.172237] (my_cpp_pkg) StderrLine: {'line': b'Error(s):\n'}
[2.172393] (my_cpp_pkg) StderrLine: {'line': b"- The generic dependency on 'sensor_msgs' is redundant with: exec_depend\n"}
[2.204555] (my_cpp_pkg) StderrLine: {'line': b'\x1b[31mCMake Error at /opt/ros/humble/share/ament_cmake_core/cmake/core/ament_package_xml.cmake:95 (message):\n'}
[2.205011] (-) TimerEvent: {}
[2.205268] (my_cpp_pkg) StderrLine: {'line': b'  execute_process(/usr/bin/python3.10\n'}
[2.205480] (my_cpp_pkg) StderrLine: {'line': b'  /opt/ros/humble/share/ament_cmake_core/cmake/core/package_xml_2_cmake.py\n'}
[2.205631] (my_cpp_pkg) StderrLine: {'line': b'  /home/zerda/ros2_ws/src/my_cpp_pkg/package.xml\n'}
[2.205764] (my_cpp_pkg) StderrLine: {'line': b'  /home/zerda/ros2_ws/build/my_cpp_pkg/ament_cmake_core/package.cmake)\n'}
[2.205938] (my_cpp_pkg) StderrLine: {'line': b'  returned error code 1\n'}
[2.206080] (my_cpp_pkg) StderrLine: {'line': b'Call Stack (most recent call first):\n'}
[2.206231] (my_cpp_pkg) StderrLine: {'line': b'  /opt/ros/humble/share/ament_cmake_core/cmake/core/ament_package_xml.cmake:49 (_ament_package_xml)\n'}
[2.206468] (my_cpp_pkg) StderrLine: {'line': b'  /opt/ros/humble/share/ament_lint_auto/cmake/ament_lint_auto_find_test_dependencies.cmake:31 (ament_package_xml)\n'}
[2.206669] (my_cpp_pkg) StderrLine: {'line': b'  CMakeLists.txt:33 (ament_lint_auto_find_test_dependencies)\n'}
[2.206931] (my_cpp_pkg) StderrLine: {'line': b'\n'}
[2.207183] (my_cpp_pkg) StderrLine: {'line': b'\x1b[0m\n'}
[2.207448] (my_cpp_pkg) StdoutLine: {'line': b'-- Configuring incomplete, errors occurred!\n'}
[2.207604] (my_cpp_pkg) StdoutLine: {'line': b'See also "/home/zerda/ros2_ws/build/my_cpp_pkg/CMakeFiles/CMakeOutput.log".\n'}
[2.219863] (my_cpp_pkg) StderrLine: {'line': b'gmake: *** [Makefile:267: cmake_check_build_system] Error 1\n'}
[2.223445] (my_cpp_pkg) CommandEnded: {'returncode': 2}
[2.224261] (my_cpp_pkg) JobEnded: {'identifier': 'my_cpp_pkg', 'rc': 2}
[2.234669] (-) EventReactorShutdown: {}
