[0.164s] Invoking command in '/home/zerda/ros2_ws/build/my_cpp_pkg': /usr/bin/cmake --build /home/zerda/ros2_ws/build/my_cpp_pkg -- -j8 -l8
[0.222s] -- Found ament_cmake: 1.3.6 (/opt/ros/humble/share/ament_cmake/cmake)
[0.578s] -- Found rclcpp: 16.0.7 (/opt/ros/humble/share/rclcpp/cmake)
[0.649s] -- Found rosidl_generator_c: 3.1.5 (/opt/ros/humble/share/rosidl_generator_c/cmake)
[0.656s] -- Found rosidl_adapter: 3.1.5 (/opt/ros/humble/share/rosidl_adapter/cmake)
[0.670s] -- Found rosidl_generator_cpp: 3.1.5 (/opt/ros/humble/share/rosidl_generator_cpp/cmake)
[0.699s] -- Using all available rosidl_typesupport_c: rosidl_typesupport_fastrtps_c;rosidl_typesupport_introspection_c
[0.737s] -- Using all available rosidl_typesupport_cpp: rosidl_typesupport_fastrtps_cpp;rosidl_typesupport_introspection_cpp
[0.878s] -- Found rmw_implementation_cmake: 6.1.1 (/opt/ros/humble/share/rmw_implementation_cmake/cmake)
[0.882s] -- Found rmw_fastrtps_cpp: 6.2.5 (/opt/ros/humble/share/rmw_fastrtps_cpp/cmake)
[1.155s] -- Using RMW implementation 'rmw_fastrtps_cpp' as default
[1.522s] -- Found sensor_msgs: 4.2.3 (/opt/ros/humble/share/sensor_msgs/cmake)
[1.798s] -- Found cv_bridge: 3.2.1 (/opt/ros/humble/share/cv_bridge/cmake)
[1.831s] -- Found image_transport: 3.1.7 (/opt/ros/humble/share/image_transport/cmake)
[1.921s] -- Found ament_lint_auto: 0.12.9 (/opt/ros/humble/share/ament_lint_auto/cmake)
[2.054s] Error parsing '/home/zerda/ros2_ws/src/my_cpp_pkg/package.xml':
[2.162s] Traceback (most recent call last):
[2.162s]   File "/opt/ros/humble/share/ament_cmake_core/cmake/core/package_xml_2_cmake.py", line 150, in <module>
[2.163s]     main()
[2.163s]   File "/opt/ros/humble/share/ament_cmake_core/cmake/core/package_xml_2_cmake.py", line 53, in main
[2.163s]     raise e
[2.163s]   File "/opt/ros/humble/share/ament_cmake_core/cmake/core/package_xml_2_cmake.py", line 49, in main
[2.163s]     package = parse_package_string(
[2.163s]   File "/usr/lib/python3/dist-packages/catkin_pkg/package.py", line 786, in parse_package_string
[2.170s]     raise InvalidPackage('Error(s):%s' % (''.join(['\n- %s' % e for e in errors])), filename)
[2.171s] catkin_pkg.package.InvalidPackage: Error(s) in package '/home/zerda/ros2_ws/src/my_cpp_pkg/package.xml':
[2.171s] Error(s):
[2.171s] - The generic dependency on 'sensor_msgs' is redundant with: exec_depend
[2.203s] [31mCMake Error at /opt/ros/humble/share/ament_cmake_core/cmake/core/ament_package_xml.cmake:95 (message):
[2.204s]   execute_process(/usr/bin/python3.10
[2.204s]   /opt/ros/humble/share/ament_cmake_core/cmake/core/package_xml_2_cmake.py
[2.204s]   /home/zerda/ros2_ws/src/my_cpp_pkg/package.xml
[2.204s]   /home/zerda/ros2_ws/build/my_cpp_pkg/ament_cmake_core/package.cmake)
[2.204s]   returned error code 1
[2.205s] Call Stack (most recent call first):
[2.205s]   /opt/ros/humble/share/ament_cmake_core/cmake/core/ament_package_xml.cmake:49 (_ament_package_xml)
[2.205s]   /opt/ros/humble/share/ament_lint_auto/cmake/ament_lint_auto_find_test_dependencies.cmake:31 (ament_package_xml)
[2.205s]   CMakeLists.txt:33 (ament_lint_auto_find_test_dependencies)
[2.205s] 
[2.206s] [0m
[2.206s] -- Configuring incomplete, errors occurred!
[2.206s] See also "/home/zerda/ros2_ws/build/my_cpp_pkg/CMakeFiles/CMakeOutput.log".
[2.218s] gmake: *** [Makefile:267: cmake_check_build_system] Error 1
[2.222s] Invoked command in '/home/zerda/ros2_ws/build/my_cpp_pkg' returned '2': /usr/bin/cmake --build /home/zerda/ros2_ws/build/my_cpp_pkg -- -j8 -l8
